#
# A fatal error has been detected by the Java Runtime Environment:
#
#  EXCEPTION_ACCESS_VIOLATION (0xc0000005) at pc=0x00007ff88e57c21d, pid=15956, tid=26580
#
# JRE version: Java(TM) SE Runtime Environment (9.0+11) (build 9.0.4+11)
# Java VM: Java HotSpot(TM) 64-Bit Server VM (9.0.4+11, mixed mode, tiered, compressed oops, g1 gc, windows-amd64)
# Problematic frame:
# C  0x00007ff88e57c21d
#
# No core dump will be written. Minidumps are not enabled by default on client versions of Windows
#
# If you would like to submit a bug report, please visit:
#   http://bugreport.java.com/bugreport/crash.jsp
# The crash happened outside the Java Virtual Machine in native code.
# See problematic frame for where to report the bug.
#

---------------  S U M M A R Y ------------

Command Line: -Dsun.java2d.pmoffscreen=false -Dsun.java2d.xrender=false -Dsun.java2d.d3d=false -Dsun.awt.nopixfmt=true -Dsun.java2d.dpiaware=true -Dsun.java2d.uiScale.enabled=false -Xverify:none -Dswing.aatext=true -XX:-UsePerfData -Djdk.map.althashing.threshold=512 -XX:StringTableSize=4072 --add-opens=java.base/java.nio=ALL-UNNAMED --add-opens=java.desktop/sun.swing=ALL-UNNAMED --add-opens=java.desktop/javax.swing=ALL-UNNAMED --add-opens=java.desktop/javax.swing.tree=ALL-UNNAMED --add-opens=java.desktop/javax.swing.plaf.basic=ALL-UNNAMED --add-opens=java.desktop/javax.swing.plaf.synth=ALL-UNNAMED --add-opens=java.desktop/com.sun.awt=ALL-UNNAMED -XX:NewSize=60m -XX:MaxNewSize=60m -Xms128m -Xmx3072m -Xss5m 

Host: Intel(R) Core(TM) i5-7200U CPU @ 2.50GHz, 4 cores, 11G,  Windows 10 , 64 bit Build 18362 (10.0.18362.1110)
Time: Fri Nov 27 22:03:00 2020 ?D1¨²¡À¨º¡Á?¨º¡À?? elapsed time: 228 seconds (0d 0h 3m 48s)

---------------  T H R E A D  ---------------

Current thread (0x0000019d665ce800):  JavaThread "AWT-Windows" daemon [_thread_in_native, id=26580, stack(0x0000003428300000,0x0000003428800000)]

Stack: [0x0000003428300000,0x0000003428800000],  sp=0x00000034287fd700,  free space=5109k
Native frames: (J=compiled Java code, j=interpreted, Vv=VM code, C=native code)
C  0x00007ff88e57c21d
C  0x00007ff88e57b7b1
C  0x00007ff88e57c96e
C  0x00007ff88e574b0a
C  0x00007ff8a831a636
C  0x00007ff8a83148c8
C  0x00007ff8a83187ae
C  0x00007ff8a82fe453
C  0x00007ff8a828ff91
C  0x00007ff8a82febd3
C  0x00007ff8a831911c
C  0x00007ff8a8314784
C  0x00007ff8a827d2e9
C  0x00007ff8a827d1e0
C  0x00007ff8a827e60c
C  0x00007ff8a82b2e69
C  0x00007ff8a82ae1d4
C  0x00007ff8a827edcd
C  0x00007ff8a827ec53
C  0x00007ff8a831c788
C  0x00007ff8a8318608
C  0x00007ff8a82fe453
C  0x00007ff8a8290183
C  0x00007ff8a82ced58
C  [USER32.dll+0x15c1d]
C  [USER32.dll+0x15612]
C  0x00007ff86532cc3c
C  0x00007ff86532ee1b
C  0x0000019d6d2d921c

Java frames: (J=compiled Java code, j=interpreted, Vv=VM code)
j  sun.awt.windows.WToolkit.eventLoop()V+0 java.desktop@9.0.4
j  sun.awt.windows.WToolkit.run()V+50 java.desktop@9.0.4
j  java.lang.Thread.run()V+11 java.base@9.0.4
v  ~StubRoutines::call_stub

siginfo: EXCEPTION_ACCESS_VIOLATION (0xc0000005), reading address 0x000000780000001f


Register to memory mapping:

RIP=0x00007ff88e57c21d is an unknown value
RAX=0x0000007800000007 is an unknown value
RBX=0x0000019d628694a0 is an unknown value
RCX=0x0000019d0d333b90 is an unknown value
RDX=0x00000034287fd760 is pointing into the stack for thread: 0x0000019d665ce800
RSP=0x00000034287fd700 is pointing into the stack for thread: 0x0000019d665ce800
RBP=0x00000034287fd740 is pointing into the stack for thread: 0x0000019d665ce800
RSI=0x0000019d0d333b90 is an unknown value
RDI=0x0000019d0d333b90 is an unknown value
R8 =0x00000034287fd628 is pointing into the stack for thread: 0x0000019d665ce800
R9 =0x00000034287fd690 is pointing into the stack for thread: 0x0000019d665ce800
R10=0x0000000000000000 is an unknown value
R11=0x0000000000000246 is an unknown value
R12=0x0000000000000000 is an unknown value
R13=0x0000019d62857f68 is an unknown value
R14=0x0000000000000050 is an unknown value
R15=0x00000034287fdbf0 is pointing into the stack for thread: 0x0000019d665ce800


Registers:
RAX=0x0000007800000007, RBX=0x0000019d628694a0, RCX=0x0000019d0d333b90, RDX=0x00000034287fd760
RSP=0x00000034287fd700, RBP=0x00000034287fd740, RSI=0x0000019d0d333b90, RDI=0x0000019d0d333b90
R8 =0x00000034287fd628, R9 =0x00000034287fd690, R10=0x0000000000000000, R11=0x0000000000000246
R12=0x0000000000000000, R13=0x0000019d62857f68, R14=0x0000000000000050, R15=0x00000034287fdbf0
RIP=0x00007ff88e57c21d, EFLAGS=0x0000000000010246

Top of Stack: (sp=0x00000034287fd700)
0x00000034287fd700:   0000000700000e65 0000000000000000
0x00000034287fd710:   00000034287fdbf0 0000000000000050
0x00000034287fd720:   0000000000000804 00007ff88e588bf2
0x00000034287fd730:   0000000000000000 0000000000000804
0x00000034287fd740:   0000019d0d333b90 0000019d628694a0
0x00000034287fd750:   00000034287fd860 00007ff88e57b7b1
0x00000034287fd760:   0000019d00000000 0000000000000000
0x00000034287fd770:   00000034287fd860 0000019d628694a0
0x00000034287fd780:   0000000000000000 0000000000000010
0x00000034287fd790:   0000000000000000 00000034287fd7b8
0x00000034287fd7a0:   0000000000000000 0000000000000000
0x00000034287fd7b0:   0000000000000000 0000000000000000
0x00000034287fd7c0:   0000019d62887f40 00007ff88e5c3200
0x00000034287fd7d0:   00000034287fdbf0 00000034287fdc08
0x00000034287fd7e0:   0000000000000e65 0000000000000007
0x00000034287fd7f0:   0000000000000001 0000019d62869684 

Instructions: (pc=0x00007ff88e57c21d)
0x00007ff88e57c1fd:   09 00 00 44 8b cb e8 98 61 ff ff 8b c3 e9 3b 01
0x00007ff88e57c20d:   00 00 48 8b 02 48 8b ce 83 65 20 00 48 8d 55 20
0x00007ff88e57c21d:   48 8b 40 18 ff 15 59 18 04 00 8b f8 85 c0 79 1d
0x00007ff88e57c22d:   48 8b 4d 18 4c 8d 05 68 37 04 00 44 8b c8 ba ae 



---------------  P R O C E S S  ---------------

Java Threads: ( => current thread )
  0x0000019d05690800 JavaThread "Image Animator 3" daemon [_thread_blocked, id=18268, stack(0x000000342d300000,0x000000342d800000)]
  0x0000019d0568e000 JavaThread "SyntheticaAnimation 50" daemon [_thread_blocked, id=1392, stack(0x000000342ab00000,0x000000342b000000)]
  0x0000019d0568f800 JavaThread "hw_ila_monitor" [_thread_blocked, id=8560, stack(0x000000342ce00000,0x000000342d300000)]
  0x0000019d061b2000 JavaThread "Update Runs Swing Worker" [_thread_blocked, id=25152, stack(0x000000342c900000,0x000000342ce00000)]
  0x0000019d061b1800 JavaThread "Refresh Filesets Swing Worker" [_thread_blocked, id=25716, stack(0x000000342c400000,0x000000342c900000)]
  0x0000019d061b5800 JavaThread "SyntheticaAnimation 70" daemon [_thread_blocked, id=3504, stack(0x000000342bf00000,0x000000342c400000)]
  0x0000019d061b0000 JavaThread "SyntheticaAnimation 25" daemon [_thread_blocked, id=24532, stack(0x000000342b500000,0x000000342ba00000)]
  0x0000019d061b6000 JavaThread "SyntheticaAnimation 50" daemon [_thread_blocked, id=24056, stack(0x000000342b000000,0x000000342b500000)]
  0x0000019d061af000 JavaThread "Monitor HEventQueue" [_thread_blocked, id=17372, stack(0x0000003428800000,0x0000003428d00000)]
  0x0000019d061b4800 JavaThread "Batik CleanerThread" daemon [_thread_blocked, id=26512, stack(0x000000342a600000,0x000000342ab00000)]
  0x0000019d061b3000 JavaThread "SyntheticaCleanerThread" daemon [_thread_blocked, id=18956, stack(0x0000003429200000,0x0000003429700000)]
  0x0000019d66432800 JavaThread "Process Messages" [_thread_blocked, id=14420, stack(0x0000003429c00000,0x000000342a100000)]
  0x0000019d641f5800 JavaThread "Thread-1" [_thread_in_native, id=10712, stack(0x0000003422f00000,0x0000003424300000)]
  0x0000019d63c18000 JavaThread "AWT-EventQueue-0" [_thread_blocked, id=19024, stack(0x0000003429700000,0x0000003429c00000)]
  0x0000019d66778000 JavaThread "AWT-Shutdown" [_thread_blocked, id=19836, stack(0x0000003428d00000,0x0000003429200000)]
  0x0000019d63c24000 JavaThread "TimerQueue" daemon [_thread_blocked, id=7968, stack(0x0000003427e00000,0x0000003428300000)]
=>0x0000019d665ce800 JavaThread "AWT-Windows" daemon [_thread_in_native, id=26580, stack(0x0000003428300000,0x0000003428800000)]
  0x0000019d664fe800 JavaThread "Java2D Disposer" daemon [_thread_blocked, id=26480, stack(0x0000003427900000,0x0000003427e00000)]
  0x0000019d6371f000 JavaThread "Service Thread" daemon [_thread_blocked, id=8736, stack(0x0000003427300000,0x0000003427800000)]
  0x0000019d66051800 JavaThread "Common-Cleaner" daemon [_thread_blocked, id=12784, stack(0x0000003426e00000,0x0000003427300000)]
  0x0000019d60ed9000 JavaThread "Sweeper thread" daemon [_thread_blocked, id=22640, stack(0x0000003426900000,0x0000003426e00000)]
  0x0000019d60ed8800 JavaThread "C1 CompilerThread2" daemon [_thread_blocked, id=18712, stack(0x0000003426800000,0x0000003426900000)]
  0x0000019d60dfa000 JavaThread "C2 CompilerThread1" daemon [_thread_blocked, id=26312, stack(0x0000003426700000,0x0000003426800000)]
  0x0000019d60df9000 JavaThread "C2 CompilerThread0" daemon [_thread_blocked, id=3476, stack(0x0000003426600000,0x0000003426700000)]
  0x0000019d60df8000 JavaThread "Attach Listener" daemon [_thread_blocked, id=5116, stack(0x0000003426100000,0x0000003426600000)]
  0x0000019d60df7800 JavaThread "Signal Dispatcher" daemon [_thread_blocked, id=21368, stack(0x0000003425c00000,0x0000003426100000)]
  0x0000019d61180000 JavaThread "Finalizer" daemon [_thread_blocked, id=15892, stack(0x0000003425700000,0x0000003425c00000)]
  0x0000019d6117f000 JavaThread "Reference Handler" daemon [_thread_blocked, id=24028, stack(0x0000003425200000,0x0000003425700000)]
  0x0000019d6384d800 JavaThread "main" [_thread_blocked, id=16492, stack(0x0000003422e00000,0x0000003422f00000)]

Other Threads:
  0x0000019d6117e800 VMThread "VM Thread" [stack: 0x0000003425100000,0x0000003425200000] [id=17768]
  0x0000019d66052000 WatcherThread [stack: 0x0000003427800000,0x0000003427900000] [id=13612]
  0x0000019d61081800 GCTaskThread "GC Thread#0" [stack: 0x0000003424600000,0x0000003424700000] [id=13876]
  0x0000019d60fdb800 GCTaskThread "GC Thread#1" [stack: 0x0000003424700000,0x0000003424800000] [id=8536]
  0x0000019d6360f800 GCTaskThread "GC Thread#2" [stack: 0x0000003424800000,0x0000003424900000] [id=15124]
  0x0000019d60f2d800 GCTaskThread "GC Thread#3" [stack: 0x0000003424900000,0x0000003424a00000] [id=26116]
  0x0000019d63756000 ConcurrentGCThread "G1 Main Marker" [stack: 0x0000003424f00000,0x0000003425000000] [id=25696]
  0x0000019d65df1800 ConcurrentGCThread "G1 Marker#0" [stack: 0x0000003425000000,0x0000003425100000] [id=8028]
  0x0000019d65de9000 ConcurrentGCThread "G1 Refine#0" [stack: 0x0000003424d00000,0x0000003424e00000] [id=12308]
  0x0000019d635b4800 ConcurrentGCThread "G1 Refine#1" [stack: 0x0000003424c00000,0x0000003424d00000] [id=13356]
  0x0000019d63945000 ConcurrentGCThread "G1 Refine#2" [stack: 0x0000003424b00000,0x0000003424c00000] [id=404]
  0x0000019d63944800 ConcurrentGCThread "G1 Refine#3" [stack: 0x0000003424a00000,0x0000003424b00000] [id=15132]
  0x0000019d635b5000 ConcurrentGCThread "G1 Young RemSet Sampling" [stack: 0x0000003424e00000,0x0000003424f00000] [id=20744]

Threads with active compile tasks:

VM state:not at safepoint (normal execution)

VM Mutex/Monitor currently owned by a thread: None

Heap address: 0x0000000700000000, size: 3072 MB, Compressed Oops mode: Zero based, Oop shift amount: 3
Narrow klass base: 0x0000000000000000, Narrow klass shift: 3
Compressed class space size: 1073741824 Address: 0x00000007c0000000

Heap:
 garbage-first heap   total 169984K, used 68254K [0x0000000700000000, 0x0000000700100530, 0x00000007c0000000)
  region size 1024K, 16 young (16384K), 3 survivors (3072K)
 Metaspace       used 74573K, capacity 79754K, committed 79920K, reserved 1118208K
  class space    used 10271K, capacity 11191K, committed 11312K, reserved 1048576K
Heap Regions: E=young(eden), S=young(survivor), O=old, HS=humongous(starts), HC=humongous(continues), CS=collection set, F=free, A=archive, TS=gc time stamp, AC=allocation context, TAMS=top-at-mark-start (previous, next)
|   0|0x0000000700000000, 0x00000007000f39b8, 0x0000000700100000| 95%| O|  |TS  0|AC  0|TAMS 0x0000000700000000, 0x0000000700000000|
|   1|0x0000000700100000, 0x0000000700200000, 0x0000000700200000|100%|HS|  |TS  0|AC  0|TAMS 0x0000000700100000, 0x0000000700100000|
|   2|0x0000000700200000, 0x0000000700300000, 0x0000000700300000|100%|HC|  |TS  0|AC  0|TAMS 0x0000000700200000, 0x0000000700200000|
|   3|0x0000000700300000, 0x0000000700400000, 0x0000000700400000|100%|HS|  |TS  0|AC  0|TAMS 0x0000000700300000, 0x0000000700300000|
|   4|0x0000000700400000, 0x00000007004ffe28, 0x0000000700500000| 99%| O|  |TS  0|AC  0|TAMS 0x0000000700400000, 0x0000000700400000|
|   5|0x0000000700500000, 0x0000000700600000, 0x0000000700600000|100%| O|  |TS  0|AC  0|TAMS 0x0000000700500000, 0x0000000700500000|
|   6|0x0000000700600000, 0x00000007006ffff8, 0x0000000700700000| 99%| O|  |TS  0|AC  0|TAMS 0x0000000700600000, 0x0000000700600000|
|   7|0x0000000700700000, 0x00000007007ffff0, 0x0000000700800000| 99%| O|  |TS  0|AC  0|TAMS 0x0000000700700000, 0x0000000700700000|
|   8|0x0000000700800000, 0x00000007008fffc0, 0x0000000700900000| 99%| O|  |TS  0|AC  0|TAMS 0x0000000700800000, 0x0000000700800000|
|   9|0x0000000700900000, 0x00000007009df608, 0x0000000700a00000| 87%| O|  |TS  0|AC  0|TAMS 0x0000000700900000, 0x0000000700900000|
|  10|0x0000000700a00000, 0x0000000700aeb640, 0x0000000700b00000| 91%| O|  |TS  0|AC  0|TAMS 0x0000000700a00000, 0x0000000700a00000|
|  11|0x0000000700b00000, 0x0000000700bf98f8, 0x0000000700c00000| 97%| O|  |TS  0|AC  0|TAMS 0x0000000700b00000, 0x0000000700b00000|
|  12|0x0000000700c00000, 0x0000000700cfcca0, 0x0000000700d00000| 98%| O|  |TS  0|AC  0|TAMS 0x0000000700c00000, 0x0000000700c00000|
|  13|0x0000000700d00000, 0x0000000700dce328, 0x0000000700e00000| 80%| O|  |TS  0|AC  0|TAMS 0x0000000700d00000, 0x0000000700d00000|
|  14|0x0000000700e00000, 0x0000000700effff0, 0x0000000700f00000| 99%| O|  |TS  0|AC  0|TAMS 0x0000000700e00000, 0x0000000700e00000|
|  15|0x0000000700f00000, 0x0000000700fffff0, 0x0000000701000000| 99%| O|  |TS  0|AC  0|TAMS 0x0000000700f00000, 0x0000000700f00000|
|  16|0x0000000701000000, 0x00000007010ffe00, 0x0000000701100000| 99%| O|  |TS  0|AC  0|TAMS 0x0000000701000000, 0x0000000701000000|
|  17|0x0000000701100000, 0x00000007011fffd0, 0x0000000701200000| 99%| O|  |TS  0|AC  0|TAMS 0x0000000701100000, 0x0000000701100000|
|  18|0x0000000701200000, 0x00000007012fffe8, 0x0000000701300000| 99%| O|  |TS  0|AC  0|TAMS 0x0000000701200000, 0x0000000701200000|
|  19|0x0000000701300000, 0x00000007013ffff8, 0x0000000701400000| 99%| O|  |TS  0|AC  0|TAMS 0x0000000701300000, 0x0000000701300000|
|  20|0x0000000701400000, 0x00000007014ffff0, 0x0000000701500000| 99%| O|  |TS  0|AC  0|TAMS 0x0000000701400000, 0x0000000701400000|
|  21|0x0000000701500000, 0x0000000701600000, 0x0000000701600000|100%| O|  |TS  0|AC  0|TAMS 0x0000000701500000, 0x0000000701500000|
|  22|0x0000000701600000, 0x00000007016ffff0, 0x0000000701700000| 99%| O|  |TS  0|AC  0|TAMS 0x0000000701600000, 0x0000000701600000|
|  23|0x0000000701700000, 0x0000000701800000, 0x0000000701800000|100%| O|  |TS  0|AC  0|TAMS 0x0000000701700000, 0x0000000701700000|
|  24|0x0000000701800000, 0x00000007018fffe8, 0x0000000701900000| 99%| O|  |TS  0|AC  0|TAMS 0x0000000701800000, 0x0000000701800000|
|  25|0x0000000701900000, 0x0000000701a00000, 0x0000000701a00000|100%| O|  |TS  0|AC  0|TAMS 0x0000000701900000, 0x0000000701900000|
|  26|0x0000000701a00000, 0x0000000701affff8, 0x0000000701b00000| 99%| O|  |TS  0|AC  0|TAMS 0x0000000701a00000, 0x0000000701a00000|
|  27|0x0000000701b00000, 0x0000000701bffff0, 0x0000000701c00000| 99%| O|  |TS  0|AC  0|TAMS 0x0000000701b00000, 0x0000000701b00000|
|  28|0x0000000701c00000, 0x0000000701cffee0, 0x0000000701d00000| 99%| O|  |TS  0|AC  0|TAMS 0x0000000701c00000, 0x0000000701c00000|
|  29|0x0000000701d00000, 0x0000000701dfffd8, 0x0000000701e00000| 99%| O|  |TS  0|AC  0|TAMS 0x0000000701d00000, 0x0000000701d00000|
|  30|0x0000000701e00000, 0x0000000701efffe0, 0x0000000701f00000| 99%| O|  |TS  0|AC  0|TAMS 0x0000000701e00000, 0x0000000701e00000|
|  31|0x0000000701f00000, 0x0000000701fffff0, 0x0000000702000000| 99%| O|  |TS  0|AC  0|TAMS 0x0000000701f00000, 0x0000000701f00000|
|  32|0x0000000702000000, 0x00000007020ffff8, 0x0000000702100000| 99%| O|  |TS  0|AC  0|TAMS 0x0000000702000000, 0x0000000702000000|
|  33|0x0000000702100000, 0x00000007021d78b0, 0x0000000702200000| 84%| O|  |TS  0|AC  0|TAMS 0x0000000702100000, 0x0000000702100000|
|  34|0x0000000702200000, 0x0000000702300000, 0x0000000702300000|100%| O|  |TS  0|AC  0|TAMS 0x0000000702200000, 0x0000000702200000|
|  35|0x0000000702300000, 0x00000007023ffff8, 0x0000000702400000| 99%| O|  |TS  0|AC  0|TAMS 0x0000000702300000, 0x0000000702300000|
|  36|0x0000000702400000, 0x00000007024fffc0, 0x0000000702500000| 99%| O|  |TS  0|AC  0|TAMS 0x0000000702400000, 0x0000000702400000|
|  37|0x0000000702500000, 0x00000007025fffc8, 0x0000000702600000| 99%| O|  |TS  0|AC  0|TAMS 0x0000000702500000, 0x0000000702500000|
|  38|0x0000000702600000, 0x00000007026b0d40, 0x0000000702700000| 69%| O|  |TS  0|AC  0|TAMS 0x0000000702600000, 0x0000000702600000|
|  39|0x0000000702700000, 0x00000007027ffff0, 0x0000000702800000| 99%| O|  |TS  0|AC  0|TAMS 0x0000000702700000, 0x0000000702700000|
|  40|0x0000000702800000, 0x0000000702900000, 0x0000000702900000|100%|HS|  |TS  0|AC  0|TAMS 0x0000000702800000, 0x0000000702800000|
|  41|0x0000000702900000, 0x0000000702a00000, 0x0000000702a00000|100%|HC|  |TS  0|AC  0|TAMS 0x0000000702900000, 0x0000000702900000|
|  42|0x0000000702a00000, 0x0000000702b00000, 0x0000000702b00000|100%|HC|  |TS  0|AC  0|TAMS 0x0000000702a00000, 0x0000000702a00000|
|  43|0x0000000702b00000, 0x0000000702c00000, 0x0000000702c00000|100%|HC|  |TS  0|AC  0|TAMS 0x0000000702b00000, 0x0000000702b00000|
|  44|0x0000000702c00000, 0x0000000702ce7190, 0x0000000702d00000| 90%| O|  |TS  0|AC  0|TAMS 0x0000000702c00000, 0x0000000702c00000|
|  45|0x0000000702d00000, 0x0000000702dfffe8, 0x0000000702e00000| 99%| O|  |TS  0|AC  0|TAMS 0x0000000702d00000, 0x0000000702d00000|
|  46|0x0000000702e00000, 0x0000000702f00000, 0x0000000702f00000|100%| O|  |TS  0|AC  0|TAMS 0x0000000702e00000, 0x0000000702e00000|
|  47|0x0000000702f00000, 0x0000000702ffece8, 0x0000000703000000| 99%| O|  |TS  0|AC  0|TAMS 0x0000000702f00000, 0x0000000702f00000|
|  48|0x0000000703000000, 0x00000007030ffe68, 0x0000000703100000| 99%| O|  |TS  0|AC  0|TAMS 0x0000000703000000, 0x0000000703000000|
|  49|0x0000000703100000, 0x00000007031fea18, 0x0000000703200000| 99%| O|  |TS  0|AC  0|TAMS 0x0000000703100000, 0x0000000703100000|
|  50|0x0000000703200000, 0x00000007032bb770, 0x0000000703300000| 73%| O|  |TS  0|AC  0|TAMS 0x0000000703200000, 0x0000000703200000|
|  51|0x0000000703300000, 0x0000000703400000, 0x0000000703400000|100%| O|  |TS 15|AC  0|TAMS 0x0000000703300000, 0x0000000703300000|
|  52|0x0000000703400000, 0x0000000703500000, 0x0000000703500000|100%| O|  |TS 15|AC  0|TAMS 0x0000000703400000, 0x0000000703400000|
|  53|0x0000000703500000, 0x000000070355e200, 0x0000000703600000| 36%| O|  |TS 19|AC  0|TAMS 0x0000000703500000, 0x0000000703500000|
|  54|0x0000000703600000, 0x0000000703600000, 0x0000000703700000|  0%| F|  |TS  0|AC  0|TAMS 0x0000000703600000, 0x0000000703600000|
|  55|0x0000000703700000, 0x0000000703700000, 0x0000000703800000|  0%| F|  |TS  0|AC  0|TAMS 0x0000000703700000, 0x0000000703700000|
|  56|0x0000000703800000, 0x0000000703800000, 0x0000000703900000|  0%| F|  |TS  0|AC  0|TAMS 0x0000000703800000, 0x0000000703800000|
|  57|0x0000000703900000, 0x0000000703900000, 0x0000000703a00000|  0%| F|  |TS  0|AC  0|TAMS 0x0000000703900000, 0x0000000703900000|
|  58|0x0000000703a00000, 0x0000000703a00000, 0x0000000703b00000|  0%| F|  |TS  0|AC  0|TAMS 0x0000000703a00000, 0x0000000703a00000|
|  59|0x0000000703b00000, 0x0000000703b00000, 0x0000000703c00000|  0%| F|  |TS  0|AC  0|TAMS 0x0000000703b00000, 0x0000000703b00000|
|  60|0x0000000703c00000, 0x0000000703c00000, 0x0000000703d00000|  0%| F|  |TS  0|AC  0|TAMS 0x0000000703c00000, 0x0000000703c00000|
|  61|0x0000000703d00000, 0x0000000703d00000, 0x0000000703e00000|  0%| F|  |TS  0|AC  0|TAMS 0x0000000703d00000, 0x0000000703d00000|
|  62|0x0000000703e00000, 0x0000000703e00000, 0x0000000703f00000|  0%| F|  |TS  0|AC  0|TAMS 0x0000000703e00000, 0x0000000703e00000|
|  63|0x0000000703f00000, 0x0000000703f00000, 0x0000000704000000|  0%| F|  |TS  0|AC  0|TAMS 0x0000000703f00000, 0x0000000703f00000|
|  64|0x0000000704000000, 0x0000000704000000, 0x0000000704100000|  0%| F|  |TS  0|AC  0|TAMS 0x0000000704000000, 0x0000000704000000|
|  65|0x0000000704100000, 0x0000000704100000, 0x0000000704200000|  0%| F|  |TS  0|AC  0|TAMS 0x0000000704100000, 0x0000000704100000|
|  66|0x0000000704200000, 0x0000000704200000, 0x0000000704300000|  0%| F|  |TS  0|AC  0|TAMS 0x0000000704200000, 0x0000000704200000|
|  67|0x0000000704300000, 0x0000000704300000, 0x0000000704400000|  0%| F|  |TS  0|AC  0|TAMS 0x0000000704300000, 0x0000000704300000|
|  68|0x0000000704400000, 0x0000000704400000, 0x0000000704500000|  0%| F|  |TS  0|AC  0|TAMS 0x0000000704400000, 0x0000000704400000|
|  69|0x0000000704500000, 0x0000000704500000, 0x0000000704600000|  0%| F|  |TS  0|AC  0|TAMS 0x0000000704500000, 0x0000000704500000|
|  70|0x0000000704600000, 0x0000000704600000, 0x0000000704700000|  0%| F|  |TS  0|AC  0|TAMS 0x0000000704600000, 0x0000000704600000|
|  71|0x0000000704700000, 0x0000000704700000, 0x0000000704800000|  0%| F|  |TS  0|AC  0|TAMS 0x0000000704700000, 0x0000000704700000|
|  72|0x0000000704800000, 0x0000000704800000, 0x0000000704900000|  0%| F|  |TS  0|AC  0|TAMS 0x0000000704800000, 0x0000000704800000|
|  73|0x0000000704900000, 0x0000000704900000, 0x0000000704a00000|  0%| F|  |TS  0|AC  0|TAMS 0x0000000704900000, 0x0000000704900000|
|  74|0x0000000704a00000, 0x0000000704a00000, 0x0000000704b00000|  0%| F|  |TS  0|AC  0|TAMS 0x0000000704a00000, 0x0000000704a00000|
|  75|0x0000000704b00000, 0x0000000704b00000, 0x0000000704c00000|  0%| F|  |TS  0|AC  0|TAMS 0x0000000704b00000, 0x0000000704b00000|
|  76|0x0000000704c00000, 0x0000000704c00000, 0x0000000704d00000|  0%| F|  |TS  0|AC  0|TAMS 0x0000000704c00000, 0x0000000704c00000|
|  77|0x0000000704d00000, 0x0000000704d00000, 0x0000000704e00000|  0%| F|  |TS  0|AC  0|TAMS 0x0000000704d00000, 0x0000000704d00000|
|  78|0x0000000704e00000, 0x0000000704e00000, 0x0000000704f00000|  0%| F|  |TS  0|AC  0|TAMS 0x0000000704e00000, 0x0000000704e00000|
|  79|0x0000000704f00000, 0x0000000704f00000, 0x0000000705000000|  0%| F|  |TS  0|AC  0|TAMS 0x0000000704f00000, 0x0000000704f00000|
|  80|0x0000000705000000, 0x0000000705000000, 0x0000000705100000|  0%| F|  |TS  0|AC  0|TAMS 0x0000000705000000, 0x0000000705000000|
|  81|0x0000000705100000, 0x0000000705100000, 0x0000000705200000|  0%| F|  |TS  0|AC  0|TAMS 0x0000000705100000, 0x0000000705100000|
|  82|0x0000000705200000, 0x0000000705200000, 0x0000000705300000|  0%| F|  |TS  0|AC  0|TAMS 0x0000000705200000, 0x0000000705200000|
|  83|0x0000000705300000, 0x0000000705300000, 0x0000000705400000|  0%| F|  |TS  0|AC  0|TAMS 0x0000000705300000, 0x0000000705300000|
|  84|0x0000000705400000, 0x0000000705400000, 0x0000000705500000|  0%| F|  |TS  0|AC  0|TAMS 0x0000000705400000, 0x0000000705400000|
|  85|0x0000000705500000, 0x0000000705500000, 0x0000000705600000|  0%| F|  |TS  0|AC  0|TAMS 0x0000000705500000, 0x0000000705500000|
|  86|0x0000000705600000, 0x0000000705600000, 0x0000000705700000|  0%| F|  |TS  0|AC  0|TAMS 0x0000000705600000, 0x0000000705600000|
|  87|0x0000000705700000, 0x0000000705700000, 0x0000000705800000|  0%| F|  |TS  0|AC  0|TAMS 0x0000000705700000, 0x0000000705700000|
|  88|0x0000000705800000, 0x0000000705800000, 0x0000000705900000|  0%| F|  |TS  0|AC  0|TAMS 0x0000000705800000, 0x0000000705800000|
|  89|0x0000000705900000, 0x0000000705900000, 0x0000000705a00000|  0%| F|  |TS  0|AC  0|TAMS 0x0000000705900000, 0x0000000705900000|
|  90|0x0000000705a00000, 0x0000000705a00000, 0x0000000705b00000|  0%| F|  |TS  0|AC  0|TAMS 0x0000000705a00000, 0x0000000705a00000|
|  91|0x0000000705b00000, 0x0000000705b00000, 0x0000000705c00000|  0%| F|  |TS  0|AC  0|TAMS 0x0000000705b00000, 0x0000000705b00000|
|  92|0x0000000705c00000, 0x0000000705c00000, 0x0000000705d00000|  0%| F|  |TS  0|AC  0|TAMS 0x0000000705c00000, 0x0000000705c00000|
|  93|0x0000000705d00000, 0x0000000705d00000, 0x0000000705e00000|  0%| F|  |TS  0|AC  0|TAMS 0x0000000705d00000, 0x0000000705d00000|
|  94|0x0000000705e00000, 0x0000000705e00000, 0x0000000705f00000|  0%| F|  |TS  0|AC  0|TAMS 0x0000000705e00000, 0x0000000705e00000|
|  95|0x0000000705f00000, 0x0000000705f00000, 0x0000000706000000|  0%| F|  |TS  0|AC  0|TAMS 0x0000000705f00000, 0x0000000705f00000|
|  96|0x0000000706000000, 0x0000000706000000, 0x0000000706100000|  0%| F|  |TS  0|AC  0|TAMS 0x0000000706000000, 0x0000000706000000|
|  97|0x0000000706100000, 0x0000000706100000, 0x0000000706200000|  0%| F|  |TS  0|AC  0|TAMS 0x0000000706100000, 0x0000000706100000|
|  98|0x0000000706200000, 0x0000000706200000, 0x0000000706300000|  0%| F|  |TS  0|AC  0|TAMS 0x0000000706200000, 0x0000000706200000|
|  99|0x0000000706300000, 0x0000000706300000, 0x0000000706400000|  0%| F|  |TS  0|AC  0|TAMS 0x0000000706300000, 0x0000000706300000|
| 100|0x0000000706400000, 0x0000000706400000, 0x0000000706500000|  0%| F|  |TS 15|AC  0|TAMS 0x0000000706400000, 0x0000000706400000|
| 101|0x0000000706500000, 0x0000000706500000, 0x0000000706600000|  0%| F|  |TS 13|AC  0|TAMS 0x0000000706500000, 0x0000000706500000|
| 102|0x0000000706600000, 0x0000000706600000, 0x0000000706700000|  0%| F|  |TS 13|AC  0|TAMS 0x0000000706600000, 0x0000000706600000|
| 103|0x0000000706700000, 0x0000000706700000, 0x0000000706800000|  0%| F|  |TS 19|AC  0|TAMS 0x0000000706700000, 0x0000000706700000|
| 104|0x0000000706800000, 0x0000000706800000, 0x0000000706900000|  0%| F|  |TS 19|AC  0|TAMS 0x0000000706800000, 0x0000000706800000|
| 105|0x0000000706900000, 0x0000000706900000, 0x0000000706a00000|  0%| F|  |TS 19|AC  0|TAMS 0x0000000706900000, 0x0000000706900000|
| 106|0x0000000706a00000, 0x0000000706a9eb60, 0x0000000706b00000| 61%| S|CS|TS 19|AC  0|TAMS 0x0000000706a00000, 0x0000000706a00000|
| 107|0x0000000706b00000, 0x0000000706c00000, 0x0000000706c00000|100%| S|CS|TS 19|AC  0|TAMS 0x0000000706b00000, 0x0000000706b00000|
| 108|0x0000000706c00000, 0x0000000706d00000, 0x0000000706d00000|100%| S|CS|TS 19|AC  0|TAMS 0x0000000706c00000, 0x0000000706c00000|
| 109|0x0000000706d00000, 0x0000000706d00000, 0x0000000706e00000|  0%| F|  |TS 19|AC  0|TAMS 0x0000000706d00000, 0x0000000706d00000|
| 110|0x0000000706e00000, 0x0000000706e00000, 0x0000000706f00000|  0%| F|  |TS 19|AC  0|TAMS 0x0000000706e00000, 0x0000000706e00000|
| 111|0x0000000706f00000, 0x0000000706f00000, 0x0000000707000000|  0%| F|  |TS 19|AC  0|TAMS 0x0000000706f00000, 0x0000000706f00000|
| 112|0x0000000707000000, 0x0000000707000000, 0x0000000707100000|  0%| F|  |TS 19|AC  0|TAMS 0x0000000707000000, 0x0000000707000000|
| 113|0x0000000707100000, 0x0000000707100000, 0x0000000707200000|  0%| F|  |TS 19|AC  0|TAMS 0x0000000707100000, 0x0000000707100000|
| 114|0x0000000707200000, 0x0000000707200000, 0x0000000707300000|  0%| F|  |TS 19|AC  0|TAMS 0x0000000707200000, 0x0000000707200000|
| 115|0x0000000707300000, 0x0000000707300000, 0x0000000707400000|  0%| F|  |TS 19|AC  0|TAMS 0x0000000707300000, 0x0000000707300000|
| 116|0x0000000707400000, 0x0000000707400000, 0x0000000707500000|  0%| F|  |TS 19|AC  0|TAMS 0x0000000707400000, 0x0000000707400000|
| 117|0x0000000707500000, 0x0000000707500000, 0x0000000707600000|  0%| F|  |TS 19|AC  0|TAMS 0x0000000707500000, 0x0000000707500000|
| 118|0x0000000707600000, 0x0000000707600000, 0x0000000707700000|  0%| F|  |TS 19|AC  0|TAMS 0x0000000707600000, 0x0000000707600000|
| 119|0x0000000707700000, 0x0000000707700000, 0x0000000707800000|  0%| F|  |TS 19|AC  0|TAMS 0x0000000707700000, 0x0000000707700000|
| 120|0x0000000707800000, 0x0000000707800000, 0x0000000707900000|  0%| F|  |TS 19|AC  0|TAMS 0x0000000707800000, 0x0000000707800000|
| 121|0x0000000707900000, 0x0000000707900000, 0x0000000707a00000|  0%| F|  |TS 19|AC  0|TAMS 0x0000000707900000, 0x0000000707900000|
| 122|0x0000000707a00000, 0x0000000707a00000, 0x0000000707b00000|  0%| F|  |TS 19|AC  0|TAMS 0x0000000707a00000, 0x0000000707a00000|
| 123|0x0000000707b00000, 0x0000000707b00000, 0x0000000707c00000|  0%| F|  |TS 19|AC  0|TAMS 0x0000000707b00000, 0x0000000707b00000|
| 124|0x0000000707c00000, 0x0000000707c00000, 0x0000000707d00000|  0%| F|  |TS 19|AC  0|TAMS 0x0000000707c00000, 0x0000000707c00000|
| 125|0x0000000707d00000, 0x0000000707d00000, 0x0000000707e00000|  0%| F|  |TS 19|AC  0|TAMS 0x0000000707d00000, 0x0000000707d00000|
| 126|0x0000000707e00000, 0x0000000707e00000, 0x0000000707f00000|  0%| F|  |TS 19|AC  0|TAMS 0x0000000707e00000, 0x0000000707e00000|
| 127|0x0000000707f00000, 0x0000000707f00000, 0x0000000708000000|  0%| F|  |TS 19|AC  0|TAMS 0x0000000707f00000, 0x0000000707f00000|
| 128|0x0000000708000000, 0x0000000708000000, 0x0000000708100000|  0%| F|  |TS 19|AC  0|TAMS 0x0000000708000000, 0x0000000708000000|
| 129|0x0000000708100000, 0x0000000708100000, 0x0000000708200000|  0%| F|  |TS 19|AC  0|TAMS 0x0000000708100000, 0x0000000708100000|
| 130|0x0000000708200000, 0x0000000708200000, 0x0000000708300000|  0%| F|  |TS 19|AC  0|TAMS 0x0000000708200000, 0x0000000708200000|
| 131|0x0000000708300000, 0x0000000708300000, 0x0000000708400000|  0%| F|  |TS 19|AC  0|TAMS 0x0000000708300000, 0x0000000708300000|
| 132|0x0000000708400000, 0x0000000708400000, 0x0000000708500000|  0%| F|  |TS 19|AC  0|TAMS 0x0000000708400000, 0x0000000708400000|
| 133|0x0000000708500000, 0x0000000708500000, 0x0000000708600000|  0%| F|  |TS 19|AC  0|TAMS 0x0000000708500000, 0x0000000708500000|
| 134|0x0000000708600000, 0x0000000708600000, 0x0000000708700000|  0%| F|  |TS 19|AC  0|TAMS 0x0000000708600000, 0x0000000708600000|
| 135|0x0000000708700000, 0x0000000708700000, 0x0000000708800000|  0%| F|  |TS 19|AC  0|TAMS 0x0000000708700000, 0x0000000708700000|
| 136|0x0000000708800000, 0x0000000708800000, 0x0000000708900000|  0%| F|  |TS 19|AC  0|TAMS 0x0000000708800000, 0x0000000708800000|
| 137|0x0000000708900000, 0x0000000708900000, 0x0000000708a00000|  0%| F|  |TS 19|AC  0|TAMS 0x0000000708900000, 0x0000000708900000|
| 138|0x0000000708a00000, 0x0000000708a00000, 0x0000000708b00000|  0%| F|  |TS 19|AC  0|TAMS 0x0000000708a00000, 0x0000000708a00000|
| 139|0x0000000708b00000, 0x0000000708b00000, 0x0000000708c00000|  0%| F|  |TS 19|AC  0|TAMS 0x0000000708b00000, 0x0000000708b00000|
| 140|0x0000000708c00000, 0x0000000708c00000, 0x0000000708d00000|  0%| F|  |TS 19|AC  0|TAMS 0x0000000708c00000, 0x0000000708c00000|
| 141|0x0000000708d00000, 0x0000000708d00000, 0x0000000708e00000|  0%| F|  |TS 19|AC  0|TAMS 0x0000000708d00000, 0x0000000708d00000|
| 142|0x0000000708e00000, 0x0000000708e00000, 0x0000000708f00000|  0%| F|  |TS 19|AC  0|TAMS 0x0000000708e00000, 0x0000000708e00000|
| 143|0x0000000708f00000, 0x0000000708f00000, 0x0000000709000000|  0%| F|  |TS 19|AC  0|TAMS 0x0000000708f00000, 0x0000000708f00000|
| 144|0x0000000709000000, 0x0000000709000000, 0x0000000709100000|  0%| F|  |TS 19|AC  0|TAMS 0x0000000709000000, 0x0000000709000000|
| 145|0x0000000709100000, 0x0000000709100000, 0x0000000709200000|  0%| F|  |TS 19|AC  0|TAMS 0x0000000709100000, 0x0000000709100000|
| 146|0x0000000709200000, 0x0000000709200000, 0x0000000709300000|  0%| F|  |TS 19|AC  0|TAMS 0x0000000709200000, 0x0000000709200000|
| 147|0x0000000709300000, 0x0000000709300000, 0x0000000709400000|  0%| F|  |TS 19|AC  0|TAMS 0x0000000709300000, 0x0000000709300000|
| 148|0x0000000709400000, 0x0000000709400000, 0x0000000709500000|  0%| F|  |TS 19|AC  0|TAMS 0x0000000709400000, 0x0000000709400000|
| 149|0x0000000709500000, 0x0000000709500000, 0x0000000709600000|  0%| F|  |TS 19|AC  0|TAMS 0x0000000709500000, 0x0000000709500000|
| 150|0x0000000709600000, 0x0000000709600000, 0x0000000709700000|  0%| F|  |TS 19|AC  0|TAMS 0x0000000709600000, 0x0000000709600000|
| 151|0x0000000709700000, 0x0000000709700000, 0x0000000709800000|  0%| F|  |TS 19|AC  0|TAMS 0x0000000709700000, 0x0000000709700000|
| 152|0x0000000709800000, 0x0000000709800000, 0x0000000709900000|  0%| F|  |TS 19|AC  0|TAMS 0x0000000709800000, 0x0000000709800000|
| 153|0x0000000709900000, 0x00000007099b1fc8, 0x0000000709a00000| 69%| E|  |TS 19|AC  0|TAMS 0x0000000709900000, 0x0000000709900000|
| 154|0x0000000709a00000, 0x0000000709b00000, 0x0000000709b00000|100%| E|CS|TS 19|AC  0|TAMS 0x0000000709a00000, 0x0000000709a00000|
| 155|0x0000000709b00000, 0x0000000709c00000, 0x0000000709c00000|100%| E|CS|TS 19|AC  0|TAMS 0x0000000709b00000, 0x0000000709b00000|
| 156|0x0000000709c00000, 0x0000000709d00000, 0x0000000709d00000|100%| E|CS|TS 19|AC  0|TAMS 0x0000000709c00000, 0x0000000709c00000|
| 157|0x0000000709d00000, 0x0000000709e00000, 0x0000000709e00000|100%| E|CS|TS 19|AC  0|TAMS 0x0000000709d00000, 0x0000000709d00000|
| 158|0x0000000709e00000, 0x0000000709f00000, 0x0000000709f00000|100%| E|CS|TS 19|AC  0|TAMS 0x0000000709e00000, 0x0000000709e00000|
| 159|0x0000000709f00000, 0x000000070a000000, 0x000000070a000000|100%| E|CS|TS 19|AC  0|TAMS 0x0000000709f00000, 0x0000000709f00000|
| 160|0x000000070a000000, 0x000000070a100000, 0x000000070a100000|100%| E|CS|TS 19|AC  0|TAMS 0x000000070a000000, 0x000000070a000000|
| 161|0x000000070a100000, 0x000000070a200000, 0x000000070a200000|100%| E|CS|TS 19|AC  0|TAMS 0x000000070a100000, 0x000000070a100000|
| 162|0x000000070a200000, 0x000000070a300000, 0x000000070a300000|100%| E|CS|TS 19|AC  0|TAMS 0x000000070a200000, 0x000000070a200000|
| 163|0x000000070a300000, 0x000000070a400000, 0x000000070a400000|100%| E|CS|TS 19|AC  0|TAMS 0x000000070a300000, 0x000000070a300000|
| 164|0x000000070a400000, 0x000000070a500000, 0x000000070a500000|100%| E|CS|TS 19|AC  0|TAMS 0x000000070a400000, 0x000000070a400000|
| 165|0x000000070a500000, 0x000000070a600000, 0x000000070a600000|100%| E|CS|TS 19|AC  0|TAMS 0x000000070a500000, 0x000000070a500000|

Card table byte_map: [0x0000019d60020000,0x0000019d60620000] byte_map_base: 0x0000019d5c820000

Marking Bits (Prev, Next): (CMBitMap*) 0x0000019d62bb18c0, (CMBitMap*) 0x0000019d62bb18f8
 Prev Bits: [0x0000019d7c2c0000, 0x0000019d7f2c0000)
 Next Bits: [0x0000019d00000000, 0x0000019d03000000)

Polling page: 0x0000019d59b90000

CodeHeap 'non-profiled nmethods': size=120064Kb used=13302Kb max_used=13302Kb free=106761Kb
 bounds [0x0000019d74d80000, 0x0000019d75a80000, 0x0000019d7c2c0000]
CodeHeap 'profiled nmethods': size=120000Kb used=34781Kb max_used=34781Kb free=85218Kb
 bounds [0x0000019d6d850000, 0x0000019d6fa70000, 0x0000019d74d80000]
CodeHeap 'non-nmethods': size=5696Kb used=1747Kb max_used=1822Kb free=3948Kb
 bounds [0x0000019d6d2c0000, 0x0000019d6d530000, 0x0000019d6d850000]
 total_blobs=21714 nmethods=13032 adapters=1075
 compilation: enabled

Compilation events (10 events):
Event: 227.948 Thread 0x0000019d60ed8800 15355       3       sun.java2d.SunGraphics2D::setColor (108 bytes)
Event: 227.949 Thread 0x0000019d60ed8800 nmethod 15355 0x0000019d6fa6b690 code [0x0000019d6fa6b880, 0x0000019d6fa6be60]
Event: 227.989 Thread 0x0000019d60ed8800 15357       3       ui.data.g.a::a (62 bytes)
Event: 227.990 Thread 0x0000019d60ed8800 nmethod 15357 0x0000019d6fa6bf10 code [0x0000019d6fa6c180, 0x0000019d6fa6c9e0]
Event: 227.992 Thread 0x0000019d60df9000 nmethod 15353 0x0000019d75a6db90 code [0x0000019d75a6de80, 0x0000019d75a702b8]
Event: 227.992 Thread 0x0000019d60df9000 15354       4       de.javasoft.plaf.synthetica.SyntheticaState::isSet (16 bytes)
Event: 227.993 Thread 0x0000019d60df9000 nmethod 15354 0x0000019d75a71290 code [0x0000019d75a71420, 0x0000019d75a71498]
Event: 227.993 Thread 0x0000019d60df9000 15356       4       sun.font.StandardGlyphVector::getGlyphStrike (21 bytes)
Event: 227.993 Thread 0x0000019d60df9000 nmethod 15356 0x0000019d75a71590 code [0x0000019d75a71720, 0x0000019d75a717c8]
Event: 228.019 Thread 0x0000019d60dfa000 nmethod 15325 0x0000019d75a71890 code [0x0000019d75a71e60, 0x0000019d75a7b2f0]

GC Heap History (10 events):
Event: 194.918 GC heap before
{Heap before GC invocations=50 (full 2):
 garbage-first heap   total 169984K, used 112146K [0x0000000700000000, 0x0000000700100530, 0x00000007c0000000)
  region size 1024K, 60 young (61440K), 4 survivors (4096K)
 Metaspace       used 73245K, capacity 78252K, committed 78384K, reserved 1116160K
  class space    used 10118K, capacity 10994K, committed 11056K, reserved 1048576K
}
Event: 194.927 GC heap after
{Heap after GC invocations=51 (full 2):
 garbage-first heap   total 169984K, used 55132K [0x0000000700000000, 0x0000000700100530, 0x00000007c0000000)
  region size 1024K, 5 young (5120K), 5 survivors (5120K)
 Metaspace       used 73245K, capacity 78252K, committed 78384K, reserved 1116160K
  class space    used 10118K, capacity 10994K, committed 11056K, reserved 1048576K
}
Event: 200.504 GC heap before
{Heap before GC invocations=51 (full 2):
 garbage-first heap   total 169984K, used 111452K [0x0000000700000000, 0x0000000700100530, 0x00000007c0000000)
  region size 1024K, 60 young (61440K), 5 survivors (5120K)
 Metaspace       used 73895K, capacity 78896K, committed 79152K, reserved 1118208K
  class space    used 10181K, capacity 11048K, committed 11056K, reserved 1048576K
}
Event: 200.513 GC heap after
{Heap after GC invocations=52 (full 2):
 garbage-first heap   total 169984K, used 56756K [0x0000000700000000, 0x0000000700100530, 0x00000007c0000000)
  region size 1024K, 6 young (6144K), 6 survivors (6144K)
 Metaspace       used 73895K, capacity 78896K, committed 79152K, reserved 1118208K
  class space    used 10181K, capacity 11048K, committed 11056K, reserved 1048576K
}
Event: 201.161 GC heap before
{Heap before GC invocations=52 (full 2):
 garbage-first heap   total 169984K, used 112052K [0x0000000700000000, 0x0000000700100530, 0x00000007c0000000)
  region size 1024K, 60 young (61440K), 6 survivors (6144K)
 Metaspace       used 73984K, capacity 79032K, committed 79280K, reserved 1118208K
  class space    used 10198K, capacity 11080K, committed 11184K, reserved 1048576K
}
Event: 201.170 GC heap after
{Heap after GC invocations=53 (full 2):
 garbage-first heap   total 169984K, used 56074K [0x0000000700000000, 0x0000000700100530, 0x00000007c0000000)
  region size 1024K, 3 young (3072K), 3 survivors (3072K)
 Metaspace       used 73984K, capacity 79032K, committed 79280K, reserved 1118208K
  class space    used 10198K, capacity 11080K, committed 11184K, reserved 1048576K
}
Event: 202.524 GC heap before
{Heap before GC invocations=53 (full 2):
 garbage-first heap   total 169984K, used 114442K [0x0000000700000000, 0x0000000700100530, 0x00000007c0000000)
  region size 1024K, 60 young (61440K), 3 survivors (3072K)
 Metaspace       used 74068K, capacity 79096K, committed 79280K, reserved 1118208K
  class space    used 10199K, capacity 11080K, committed 11184K, reserved 1048576K
}
Event: 202.533 GC heap after
{Heap after GC invocations=54 (full 2):
 garbage-first heap   total 169984K, used 55914K [0x0000000700000000, 0x0000000700100530, 0x00000007c0000000)
  region size 1024K, 3 young (3072K), 3 survivors (3072K)
 Metaspace       used 74068K, capacity 79096K, committed 79280K, reserved 1118208K
  class space    used 10199K, capacity 11080K, committed 11184K, reserved 1048576K
}
Event: 216.645 GC heap before
{Heap before GC invocations=54 (full 2):
 garbage-first heap   total 169984K, used 114282K [0x0000000700000000, 0x0000000700100530, 0x00000007c0000000)
  region size 1024K, 60 young (61440K), 3 survivors (3072K)
 Metaspace       used 74147K, capacity 79230K, committed 79536K, reserved 1118208K
  class space    used 10200K, capacity 11081K, committed 11184K, reserved 1048576K
}
Event: 216.652 GC heap after
{Heap after GC invocations=55 (full 2):
 garbage-first heap   total 169984K, used 55966K [0x0000000700000000, 0x0000000700100530, 0x00000007c0000000)
  region size 1024K, 3 young (3072K), 3 survivors (3072K)
 Metaspace       used 74147K, capacity 79230K, committed 79536K, reserved 1118208K
  class space    used 10200K, capacity 11081K, committed 11184K, reserved 1048576K
}

Deoptimization events (10 events):
Event: 227.804 Thread 0x0000019d63c18000 Uncommon trap: reason=unstable_if action=reinterpret pc=0x0000019d75a10014 method=de.javasoft.plaf.synthetica.painter.UIKey.<init>(Ljava/lang/String;Lde/javasoft/plaf/synthetica/SyntheticaState;IIILjava/lang/String;)V @ 250 c2
Event: 227.825 Thread 0x0000019d63c18000 Uncommon trap: reason=unstable_if action=reinterpret pc=0x0000019d759faca0 method=com.jidesoft.swing.JideSwingUtilities.getButtonState(Ljavax/swing/AbstractButton;)I @ 102 c2
Event: 227.830 Thread 0x0000019d63c18000 Uncommon trap: reason=unstable_if action=reinterpret pc=0x0000019d75a12f30 method=com.jidesoft.plaf.basic.BasicJideButtonUI.getIcon(Ljavax/swing/AbstractButton;)Ljavax/swing/Icon; @ 166 c2
Event: 227.903 Thread 0x0000019d63c18000 Uncommon trap: reason=unstable_if action=reinterpret pc=0x0000019d74f346b8 method=sun.font.TrueTypeFont.getDirectoryEntry(I)Lsun/font/TrueTypeFont$DirectoryEntry; @ 7 c2
Event: 227.904 Thread 0x0000019d63c18000 Uncommon trap: reason=unstable_if action=reinterpret pc=0x0000019d752f1ff0 method=sun.font.StandardGlyphVector.initPositions()V @ 4 c2
Event: 227.904 Thread 0x0000019d63c18000 Uncommon trap: reason=unstable_if action=reinterpret pc=0x0000019d7514a4f8 method=sun.font.StandardGlyphVector.initPositions()V @ 4 c2
Event: 227.932 Thread 0x0000019d63c18000 Uncommon trap: reason=unstable_if action=reinterpret pc=0x0000019d750e7928 method=javax.swing.text.JTextComponent$KeymapWrapper.get(Ljavax/swing/KeyStroke;)Ljava/lang/Object; @ 22 c2
Event: 227.947 Thread 0x0000019d63c18000 Uncommon trap: reason=unstable_if action=reinterpret pc=0x0000019d759932cc method=sun.java2d.SunGraphics2D.setColor(Ljava/awt/Color;)V @ 1 c2
Event: 227.950 Thread 0x0000019d63c18000 Uncommon trap: reason=unstable_if action=reinterpret pc=0x0000019d759587e0 method=sun.java2d.SunGraphics2D.checkFontInfo(Lsun/java2d/loops/FontInfo;Ljava/awt/Font;Ljava/awt/font/FontRenderContext;)Lsun/java2d/loops/FontInfo; @ 530 c2
Event: 227.950 Thread 0x0000019d63c18000 Uncommon trap: reason=unstable_if action=reinterpret pc=0x0000019d75891118 method=sun.font.GlyphList.ensureCapacity(I)V @ 10 c2

Classes redefined (0 events):
No events

Internal exceptions (10 events):
Event: 199.109 Thread 0x0000019d63c18000 Exception <a 'java/lang/NoSuchMethodError'{0x00000007093c29e0}: java.lang.invoke.DelegatingMethodHandle$Holder.reinvoke_L(Ljava/lang/Object;IILjava/lang/Object;Ljava/lang/Object;I)Ljava/lang/Object;> (0x00000007093c29e0) thrown at [t:/workspace/hotspot/sr
Event: 199.557 Thread 0x0000019d05696000 Exception <a 'java/lang/InterruptedException'{0x0000000709100c38}: sleep interrupted> (0x0000000709100c38) thrown at [t:/workspace/hotspot/src/share/vm/prims/jvm.cpp, line 3023]
Event: 200.602 Thread 0x0000019d63c18000 Exception <a 'java/lang/NoSuchMethodError'{0x000000070933b6a8}: java.lang.invoke.DirectMethodHandle$Holder.invokeSpecial(Ljava/lang/Object;Ljava/lang/Object;IILjava/lang/Object;JI)Ljava/lang/Object;> (0x000000070933b6a8) thrown at [t:/workspace/hotspot/sr
Event: 200.602 Thread 0x0000019d63c18000 Exception <a 'java/lang/NoSuchMethodError'{0x000000070933ea50}: java.lang.invoke.DelegatingMethodHandle$Holder.reinvoke_L(Ljava/lang/Object;IILjava/lang/Object;JI)Ljava/lang/Object;> (0x000000070933ea50) thrown at [t:/workspace/hotspot/src/share/vm/interp
Event: 200.603 Thread 0x0000019d63c18000 Exception <a 'java/lang/NoSuchMethodError'{0x0000000709359680}: method resolution failed> (0x0000000709359680) thrown at [t:/workspace/hotspot/src/share/vm/prims/methodHandles.cpp, line 1256]
Event: 203.407 Thread 0x0000019d63c24000 Implicit null exception at 0x0000019d7597f60c to 0x0000019d7597f699
Event: 227.913 Thread 0x0000019d63c18000 Exception <a 'java/lang/NoSuchMethodError'{0x0000000709b8f098}: java.lang.invoke.DirectMethodHandle$Holder.invokeSpecial(Ljava/lang/Object;Ljava/lang/Object;IILjava/lang/Object;Ljava/lang/Object;Ljava/lang/Object;ILjava/lang/Object;)Ljava/lang/Object;> (0
Event: 227.913 Thread 0x0000019d63c18000 Exception <a 'java/lang/NoSuchMethodError'{0x0000000709b92b08}: java.lang.invoke.DelegatingMethodHandle$Holder.reinvoke_L(Ljava/lang/Object;IILjava/lang/Object;Ljava/lang/Object;Ljava/lang/Object;ILjava/lang/Object;)Ljava/lang/Object;> (0x0000000709b92b08
Event: 227.915 Thread 0x0000019d63c18000 Exception <a 'java/lang/NoSuchMethodError'{0x0000000709bea860}: method resolution failed> (0x0000000709bea860) thrown at [t:/workspace/hotspot/src/share/vm/prims/methodHandles.cpp, line 1256]
Event: 227.915 Thread 0x0000019d63c18000 Exception <a 'java/lang/NoSuchMethodError'{0x0000000709bee540}: java.lang.invoke.DelegatingMethodHandle$Holder.reinvoke_L(Ljava/lang/Object;Ljava/lang/Object;Ljava/lang/Object;Ljava/lang/Object;ILjava/lang/Object;)Ljava/lang/Object;> (0x0000000709bee540) 

Events (10 events):
Event: 227.947 Thread 0x0000019d63c18000 DEOPT PACKING pc=0x0000019d759932cc sp=0x0000003429bfa020
Event: 227.947 Thread 0x0000019d63c18000 DEOPT UNPACKING pc=0x0000019d6d30df29 sp=0x0000003429bf9fe0 mode 2
Event: 227.950 Thread 0x0000019d63c18000 Uncommon trap: trap_request=0xffffff5d fr.pc=0x0000019d759587e0 relative=0x00000000000013a0
Event: 227.950 Thread 0x0000019d63c18000 DEOPT PACKING pc=0x0000019d759587e0 sp=0x0000003429bfa640
Event: 227.950 Thread 0x0000019d63c18000 DEOPT UNPACKING pc=0x0000019d6d30df29 sp=0x0000003429bfa600 mode 2
Event: 227.950 Thread 0x0000019d63c18000 Uncommon trap: trap_request=0xffffff5d fr.pc=0x0000019d75891118 relative=0x0000000000000078
Event: 227.950 Thread 0x0000019d63c18000 DEOPT PACKING pc=0x0000019d75891118 sp=0x0000003429bfa6a0
Event: 227.950 Thread 0x0000019d63c18000 DEOPT UNPACKING pc=0x0000019d6d30df29 sp=0x0000003429bfa640 mode 2
Event: 228.067 Thread 0x0000019d05696000 Thread added: 0x0000019d05696000
Event: 228.071 Thread 0x0000019d05696000 Thread exited: 0x0000019d05696000


Dynamic libraries:
0x00007ff7d63e0000 - 0x00007ff7d6410000 	D:\Xilinx\Vivado\2018.3\bin\unwrapped\win64.o\vivado.exe
0x00007ff8a89c0000 - 0x00007ff8a8bb0000 	C:\WINDOWS\SYSTEM32\ntdll.dll
0x00007ff8a7050000 - 0x00007ff8a7102000 	C:\WINDOWS\System32\KERNEL32.DLL
0x00007ff8a5d00000 - 0x00007ff8a5fa5000 	C:\WINDOWS\System32\KERNELBASE.dll
0x00007ff8a5940000 - 0x00007ff8a5a3a000 	C:\WINDOWS\System32\ucrtbase.dll
0x00007ff890cb0000 - 0x00007ff890d41000 	C:\WINDOWS\SYSTEM32\MSVCP140.dll
0x00007ff89da30000 - 0x00007ff89da44000 	D:\Xilinx\Vivado\2018.3\lib\win64.o\libboost_signals.dll
0x00007ff89da10000 - 0x00007ff89da24000 	D:\Xilinx\Vivado\2018.3\lib\win64.o\librdi_commonmain.dll
0x00007ff866120000 - 0x00007ff866fb4000 	D:\Xilinx\Vivado\2018.3\lib\win64.o\librdi_common.dll
0x00007ff891590000 - 0x00007ff8915a9000 	C:\WINDOWS\SYSTEM32\VCRUNTIME140.dll
0x00007ff8a7930000 - 0x00007ff8a7ac4000 	C:\WINDOWS\System32\USER32.dll
0x00007ff8a5a40000 - 0x00007ff8a5a61000 	C:\WINDOWS\System32\win32u.dll
0x00007ff8a7ad0000 - 0x00007ff8a7af6000 	C:\WINDOWS\System32\GDI32.dll
0x00007ff8a5a70000 - 0x00007ff8a5c06000 	C:\WINDOWS\System32\gdi32full.dll
0x00007ff890ca0000 - 0x00007ff890cac000 	C:\WINDOWS\SYSTEM32\VCRUNTIME140_1.dll
0x00007ff8a5c60000 - 0x00007ff8a5cfe000 	C:\WINDOWS\System32\msvcp_win.dll
0x00007ff8a6bc0000 - 0x00007ff8a6c63000 	C:\WINDOWS\System32\ADVAPI32.dll
0x00007ff8a81d0000 - 0x00007ff8a826e000 	C:\WINDOWS\System32\msvcrt.dll
0x00007ff8a8050000 - 0x00007ff8a80e7000 	C:\WINDOWS\System32\sechost.dll
0x00007ff8a7b00000 - 0x00007ff8a7c20000 	C:\WINDOWS\System32\RPCRT4.dll
0x00007ff8a71d0000 - 0x00007ff8a78b7000 	C:\WINDOWS\System32\SHELL32.dll
0x00007ff89d500000 - 0x00007ff89d526000 	D:\Xilinx\Vivado\2018.3\lib\win64.o\libboost_filesystem.dll
0x00007ff8a5c10000 - 0x00007ff8a5c5a000 	C:\WINDOWS\System32\cfgmgr32.dll
0x00007ff8a7120000 - 0x00007ff8a71c9000 	C:\WINDOWS\System32\shcore.dll
0x00007ff89fb30000 - 0x00007ff89fb3a000 	D:\Xilinx\Vivado\2018.3\lib\win64.o\librdi_commonversion.dll
0x00007ff8a7c20000 - 0x00007ff8a7f55000 	C:\WINDOWS\System32\combase.dll
0x00007ff8a6110000 - 0x00007ff8a6190000 	C:\WINDOWS\System32\bcryptPrimitives.dll
0x00007ff8a6190000 - 0x00007ff8a6911000 	C:\WINDOWS\System32\windows.storage.dll
0x00007ff8a58a0000 - 0x00007ff8a58c3000 	C:\WINDOWS\System32\profapi.dll
0x00007ff88d5c0000 - 0x00007ff88d6e1000 	D:\Xilinx\Vivado\2018.3\lib\win64.o\librdi_commonxillic.dll
0x00007ff8a58d0000 - 0x00007ff8a591a000 	C:\WINDOWS\System32\powrprof.dll
0x0000000055920000 - 0x0000000055a4b000 	D:\Xilinx\Vivado\2018.3\lib\win64.o\tcl85t.dll
0x00007ff8a7f60000 - 0x00007ff8a7fcf000 	C:\WINDOWS\System32\WS2_32.dll
0x00007ff8a5870000 - 0x00007ff8a5880000 	C:\WINDOWS\System32\UMPDC.dll
0x00007ff8a6ff0000 - 0x00007ff8a7042000 	C:\WINDOWS\System32\shlwapi.dll
0x00007ff8a5880000 - 0x00007ff8a5891000 	C:\WINDOWS\System32\kernel.appcore.dll
0x00007ff8a5fe0000 - 0x00007ff8a5ff7000 	C:\WINDOWS\System32\cryptsp.dll
0x00007ff87e890000 - 0x00007ff87ebfe000 	D:\Xilinx\Vivado\2018.3\lib\win64.o\libCOIN-all.dll
0x00007ff87b2c0000 - 0x00007ff87b575000 	D:\Xilinx\Vivado\2018.3\lib\win64.o\libXil_lmgr11.dll
0x00007ff8a6e20000 - 0x00007ff8a6ef0000 	C:\WINDOWS\System32\COMDLG32.dll
0x00007ff89d670000 - 0x00007ff89d684000 	D:\Xilinx\Vivado\2018.3\lib\win64.o\libboost_date_time.dll
0x00007ff8a6ef0000 - 0x00007ff8a6fb5000 	C:\WINDOWS\System32\OLEAUT32.dll
0x00007ff8a83b0000 - 0x00007ff8a8507000 	C:\WINDOWS\System32\ole32.dll
0x00007ff8a6000000 - 0x00007ff8a605c000 	C:\WINDOWS\System32\WINTRUST.dll
0x00007ff88d540000 - 0x00007ff88d5bf000 	D:\Xilinx\Vivado\2018.3\lib\win64.o\libboost_program_options.dll
0x00007ff8a5920000 - 0x00007ff8a5932000 	C:\WINDOWS\System32\MSASN1.dll
0x00007ff8a6920000 - 0x00007ff8a6a69000 	C:\WINDOWS\System32\CRYPT32.dll
0x00007ff88d360000 - 0x00007ff88d474000 	D:\Xilinx\Vivado\2018.3\lib\win64.o\libboost_regex.dll
0x00007ff89ebf0000 - 0x00007ff89ebfb000 	D:\Xilinx\Vivado\2018.3\lib\win64.o\libboost_system.dll
0x00007ff89d150000 - 0x00007ff89d171000 	D:\Xilinx\Vivado\2018.3\lib\win64.o\libboost_thread.dll
0x00007ff89e9c0000 - 0x00007ff89e9cf000 	D:\Xilinx\Vivado\2018.3\lib\win64.o\libboost_xilinx.dll
0x00007ff886ee0000 - 0x00007ff886f62000 	D:\Xilinx\Vivado\2018.3\lib\win64.o\libhdlpsolve.dll
0x00007ff8861c0000 - 0x00007ff886265000 	D:\Xilinx\Vivado\2018.3\lib\win64.o\libhdxml.dll
0x00007ff8960f0000 - 0x00007ff89611e000 	D:\Xilinx\Vivado\2018.3\lib\win64.o\libisl_sysinfo.dll
0x00007ff868e00000 - 0x00007ff86964e600 	D:\Xilinx\Vivado\2018.3\lib\win64.o\libisl_iostreams.dll
0x00007ff885230000 - 0x00007ff885295000 	D:\Xilinx\Vivado\2018.3\lib\win64.o\liblmx6.0.dll
0x00007ff89d4e0000 - 0x00007ff89d4fa000 	D:\Xilinx\Vivado\2018.3\lib\win64.o\pthreadVC2.dll
0x00007ff89d130000 - 0x00007ff89d14c000 	D:\Xilinx\Vivado\2018.3\lib\win64.o\librdiconfig.dll
0x00007ff894a80000 - 0x00007ff894aa1000 	D:\Xilinx\Vivado\2018.3\lib\win64.o\librdizlib.dll
0x0000000012000000 - 0x0000000012272000 	D:\Xilinx\Vivado\2018.3\lib\win64.o\xerces-c_3_1.dll
0x00007ff893cc0000 - 0x00007ff893cd7000 	C:\WINDOWS\SYSTEM32\NETAPI32.dll
0x00007ff89ccc0000 - 0x00007ff89cdb0000 	C:\WINDOWS\SYSTEM32\WINHTTP.dll
0x00007ff88c6f0000 - 0x00007ff88cbc5000 	C:\WINDOWS\SYSTEM32\WININET.dll
0x00007ff8957e0000 - 0x00007ff8959b6000 	C:\WINDOWS\SYSTEM32\urlmon.dll
0x00007ff892250000 - 0x00007ff892259000 	C:\WINDOWS\SYSTEM32\WSOCK32.dll
0x00007ff8949a0000 - 0x00007ff8949cd000 	C:\WINDOWS\SYSTEM32\VCOMP140.DLL
0x00007ff8634a0000 - 0x00007ff864331000 	D:\Xilinx\Vivado\2018.3\lib\win64.o\gurobi65.dll
0x00007ff89eaf0000 - 0x00007ff89eb99000 	C:\WINDOWS\WinSxS\amd64_microsoft.windows.common-controls_6595b64144ccf1df_5.82.18362.1198_none_73b37520d815d61e\COMCTL32.dll
0x00007ff89a970000 - 0x00007ff89a98c000 	C:\WINDOWS\SYSTEM32\dhcpcsvc.DLL
0x00007ff8a6fc0000 - 0x00007ff8a6fc8000 	C:\WINDOWS\System32\NSI.dll
0x00007ff8960e0000 - 0x00007ff8960ed000 	D:\Xilinx\Vivado\2018.3\lib\win64.o\libboost_chrono.dll
0x00007ff894980000 - 0x00007ff89499b000 	D:\Xilinx\Vivado\2018.3\lib\win64.o\libboost_iostreams.dll
0x00007ff88e2e0000 - 0x00007ff88e305000 	D:\Xilinx\Vivado\2018.3\lib\win64.o\libisl_iosutils.dll
0x00007ff895530000 - 0x00007ff8957d7000 	C:\WINDOWS\SYSTEM32\iertutil.dll
0x00007ff8a4ee0000 - 0x00007ff8a4eec000 	C:\WINDOWS\SYSTEM32\NETUTILS.DLL
0x00007ff8a5290000 - 0x00007ff8a529c000 	C:\WINDOWS\SYSTEM32\CRYPTBASE.DLL
0x00007ff8a81a0000 - 0x00007ff8a81ce000 	C:\WINDOWS\System32\IMM32.DLL
0x00007ff876440000 - 0x00007ff876935000 	D:\Xilinx\Vivado\2018.3\lib\win64.o\librdi_commontasks.dll
0x00007ff897930000 - 0x00007ff89793a000 	C:\WINDOWS\SYSTEM32\VERSION.dll
0x00007ff877060000 - 0x00007ff8772df000 	D:\Xilinx\Vivado\2018.3\lib\win64.o\librdi_sio.dll
0x0000000054ef0000 - 0x0000000055915000 	D:\Xilinx\Vivado\2018.3\tps\win64\jre9.0.4\bin\server\jvm.dll
0x00007ff8a6a70000 - 0x00007ff8a6a78000 	C:\WINDOWS\System32\PSAPI.DLL
0x00007ff8a4dd0000 - 0x00007ff8a4e0a000 	C:\WINDOWS\SYSTEM32\IPHLPAPI.DLL
0x00007ff8a1ed0000 - 0x00007ff8a1ef4000 	C:\WINDOWS\SYSTEM32\WINMM.dll
0x00007ff8a50c0000 - 0x00007ff8a5127000 	C:\WINDOWS\SYSTEM32\MSWSOCK.DLL
0x00007ff885140000 - 0x00007ff88522f000 	C:\WINDOWS\SYSTEM32\MSVCR120.dll
0x00007ff8a1ea0000 - 0x00007ff8a1ecd000 	C:\WINDOWS\SYSTEM32\WINMMBASE.dll
0x00007ff8538e0000 - 0x00007ff855ca2000 	D:\Xilinx\Vivado\2018.3\lib\win64.o\librdi_tcltasks.dll
0x00007ff875400000 - 0x00007ff8757dc000 	D:\Xilinx\Vivado\2018.3\lib\win64.o\librdi_bitstream.dll
0x00007ff87b9e0000 - 0x00007ff87bb5e000 	D:\Xilinx\Vivado\2018.3\lib\win64.o\librdi_board.dll
0x00007ff8850d0000 - 0x00007ff88513a000 	D:\Xilinx\Vivado\2018.3\lib\win64.o\librdi_boarddep.dll
0x00007ff87e7b0000 - 0x00007ff87e88c000 	D:\Xilinx\Vivado\2018.3\lib\win64.o\librdi_chipscope.dll
0x00007ff85de40000 - 0x00007ff85f745000 	D:\Xilinx\Vivado\2018.3\lib\win64.o\librdi_constraints.dll
0x00007ff875ab0000 - 0x00007ff875bf8000 	D:\Xilinx\Vivado\2018.3\lib\win64.o\librdi_containers.dll
0x00007ff876a40000 - 0x00007ff876bf9000 	D:\Xilinx\Vivado\2018.3\lib\win64.o\librdi_chipscopeimpl.dll
0x00007ff84d240000 - 0x00007ff84f05f000 	D:\Xilinx\Vivado\2018.3\lib\win64.o\librdi_coregen.dll
0x00007ff86f350000 - 0x00007ff86fa2a000 	D:\Xilinx\Vivado\2018.3\lib\win64.o\librdi_coregenipxact.dll
0x00007ff849440000 - 0x00007ff84d23b000 	D:\Xilinx\Vivado\2018.3\lib\win64.o\librdi_designutils.dll
0x00007ff867d90000 - 0x00007ff8682f0000 	D:\Xilinx\Vivado\2018.3\lib\win64.o\librdi_drc.dll
0x00007ff869710000 - 0x00007ff869a2b000 	D:\Xilinx\Vivado\2018.3\lib\win64.o\librdi_dlyest.dll
0x00007ff8759e0000 - 0x00007ff875aa2000 	D:\Xilinx\Vivado\2018.3\lib\win64.o\librdi_dsp.dll
0x00007ff868b20000 - 0x00007ff868dfa000 	D:\Xilinx\Vivado\2018.3\lib\win64.o\librdi_guitools.dll
0x00007ff867750000 - 0x00007ff867d8f000 	D:\Xilinx\Vivado\2018.3\lib\win64.o\librdi_filemgmt.dll
0x00007ff8862a0000 - 0x00007ff8862fd000 	D:\Xilinx\Vivado\2018.3\lib\win64.o\librdi_hdf.dll
0x00007ff862100000 - 0x00007ff863491000 	D:\Xilinx\Vivado\2018.3\lib\win64.o\librdi_implflow.dll
0x00007ff85d070000 - 0x00007ff85d685000 	D:\Xilinx\Vivado\2018.3\lib\win64.o\librdi_memdata.dll
0x00007ff87fa70000 - 0x00007ff87fae1000 	D:\Xilinx\Vivado\2018.3\lib\win64.o\librdi_memoryarray.dll
0x00007ff821370000 - 0x00007ff8320c2000 	D:\Xilinx\Vivado\2018.3\lib\win64.o\librdi_device.dll
0x00007ff85ca30000 - 0x00007ff85d06b000 	D:\Xilinx\Vivado\2018.3\lib\win64.o\librdi_netlist.dll
0x00007ff88d310000 - 0x00007ff88d360000 	D:\Xilinx\Vivado\2018.3\lib\win64.o\librdi_pfi.dll
0x00007ff83d2c0000 - 0x00007ff840c6c000 	D:\Xilinx\Vivado\2018.3\lib\win64.o\librdi_mig.dll
0x00007ff8446d0000 - 0x00007ff846be4000 	D:\Xilinx\Vivado\2018.3\lib\win64.o\librdi_place.dll
0x00007ff868770000 - 0x00007ff868a77000 	D:\Xilinx\Vivado\2018.3\lib\win64.o\librdi_platform.dll
0x00007ff85c330000 - 0x00007ff85ca25000 	D:\Xilinx\Vivado\2018.3\lib\win64.o\librdi_power.dll
0x00007ff85bdd0000 - 0x00007ff85c326000 	D:\Xilinx\Vivado\2018.3\lib\win64.o\librdi_project.dll
0x00007ff8531e0000 - 0x00007ff8538d3000 	D:\Xilinx\Vivado\2018.3\lib\win64.o\librdi_psta.dll
0x00007ff852b00000 - 0x00007ff8531d9000 	D:\Xilinx\Vivado\2018.3\lib\win64.o\librdi_rsb.dll
0x00007ff867110000 - 0x00007ff8674e7000 	D:\Xilinx\Vivado\2018.3\lib\win64.o\librdi_runs.dll
0x00007ff865ef0000 - 0x00007ff866118000 	D:\Xilinx\Vivado\2018.3\lib\win64.o\librdi_simdata.dll
0x00007ff875900000 - 0x00007ff8759d8000 	D:\Xilinx\Vivado\2018.3\lib\win64.o\librdi_runsbase.dll
0x00007ff850230000 - 0x00007ff850fbd000 	D:\Xilinx\Vivado\2018.3\lib\win64.o\librdi_timing.dll
0x00007ff86b460000 - 0x00007ff86b5b4000 	D:\Xilinx\Vivado\2018.3\lib\win64.o\librdi_advchipscopeimpl.dll
0x00007ff884f10000 - 0x00007ff884f5c000 	D:\Xilinx\Vivado\2018.3\lib\win64.o\libboost_serialization.dll
0x00007ff875840000 - 0x00007ff8758f8000 	D:\Xilinx\Vivado\2018.3\lib\win64.o\librdi_hip_devdesign.dll
0x00007ff87d580000 - 0x00007ff87d62b000 	D:\Xilinx\Vivado\2018.3\lib\win64.o\librdi_ipconfig_readwrite.dll
0x00007ff88d8d0000 - 0x00007ff88d908000 	D:\Xilinx\Vivado\2018.3\lib\win64.o\librdi_noc_frameworks.dll
0x00007ff8488f0000 - 0x00007ff849437000 	D:\Xilinx\Vivado\2018.3\lib\win64.o\libverific.dll
0x00007ff852740000 - 0x00007ff852af5000 	D:\Xilinx\Vivado\2018.3\lib\win64.o\librdi_hip_config.dll

VM Arguments:
jvm_args: -Dsun.java2d.pmoffscreen=false -Dsun.java2d.xrender=false -Dsun.java2d.d3d=false -Dsun.awt.nopixfmt=true -Dsun.java2d.dpiaware=true -Dsun.java2d.uiScale.enabled=false -Xverify:none -Dswing.aatext=true -XX:-UsePerfData -Djdk.map.althashing.threshold=512 -XX:StringTableSize=4072 --add-opens=java.base/java.nio=ALL-UNNAMED --add-opens=java.desktop/sun.swing=ALL-UNNAMED --add-opens=java.desktop/javax.swing=ALL-UNNAMED --add-opens=java.desktop/javax.swing.tree=ALL-UNNAMED --add-opens=java.desktop/javax.swing.plaf.basic=ALL-UNNAMED --add-opens=java.desktop/javax.swing.plaf.synth=ALL-UNNAMED --add-opens=java.desktop/com.sun.awt=ALL-UNNAMED -XX:NewSize=60m -XX:MaxNewSize=60m -Xms128m -Xmx3072m -Xss5m 
java_command: <unknown>
java_class_path (initial): D:/Xilinx/Vivado/2018.3\lib\classes\alloy.jar;D:/Xilinx/Vivado/2018.3\lib\classes\autopilot.scelaborator.jar;D:/Xilinx/Vivado/2018.3\lib\classes\autopilot.sourceprocessor.jar;D:/Xilinx/Vivado/2018.3\lib\classes\autopilot.tbprocessor.jar;D:/Xilinx/Vivado/2018.3\lib\classes\batik-anim.jar;D:/Xilinx/Vivado/2018.3\lib\classes\batik-awt-util.jar;D:/Xilinx/Vivado/2018.3\lib\classes\batik-bridge.jar;D:/Xilinx/Vivado/2018.3\lib\classes\batik-codec.jar;D:/Xilinx/Vivado/2018.3\lib\classes\batik-css.jar;D:/Xilinx/Vivado/2018.3\lib\classes\batik-dom.jar;D:/Xilinx/Vivado/2018.3\lib\classes\batik-ext.jar;D:/Xilinx/Vivado/2018.3\lib\classes\batik-gui-util.jar;D:/Xilinx/Vivado/2018.3\lib\classes\batik-gvt.jar;D:/Xilinx/Vivado/2018.3\lib\classes\batik-parser.jar;D:/Xilinx/Vivado/2018.3\lib\classes\batik-script.jar;D:/Xilinx/Vivado/2018.3\lib\classes\batik-svg-dom.jar;D:/Xilinx/Vivado/2018.3\lib\classes\batik-swing.jar;D:/Xilinx/Vivado/2018.3\lib\classes\batik-transcoder.jar;D:/Xilinx/Vivado/2018.3\lib\classes\batik-util.jar;D:/Xilinx/Vivado/2018.3\lib\classes\batik-xml.jar;D:/Xilinx/Vivado/2018.3\lib\classes\com.ibm.icu_4.4.2.v20110208.jar;D:/Xilinx/Vivado/2018.3\lib\classes\commons-collections4-4.1.jar;D:/Xilinx/Vivado/2018.3\lib\classes\commons-math-2.2.jar;D:/Xilinx/Vivado/2018.3\lib\classes\dom4j-1.6.1.jar;D:/Xilinx/Vivado/2018.3\lib\classes\guava-18.0.jar;D:/Xilinx/Vivado/2018.3\lib\classes\help.jar;D:/Xilinx/Vivado/2018.3\lib\classes\hsqldb.jar;D:/Xilinx/Vivado/2018.3\lib\classes\jargs.jar;D:/Xilinx/Vivado/2018.3\lib\classes\jaxb-api-2.3.0.jar;D:/Xilinx/Vivado/2018.3\lib\classes\jh.jar;D:/Xilinx/Vivado/2018.3\lib\classes\jide-action.jar;D:/Xilinx/Vivado/2018.3\lib\classes\jide-charts.jar;D:/Xilinx/Vivado/2018.3\lib\classes\jide-common.jar;D:/Xilinx/Vivado/2018.3\lib\classes\jide-components.jar;D:/Xilinx/Vivado/2018.3\lib\classes\jide-dashboard.jar;D:/Xilinx/Vivado/2018.3\lib\classes\jide-data.jar;D:/Xilinx/Vivado/2018.3\lib\classes\jide-dialogs.jar
Launcher Type: generic

Logging:
Log output configuration:
#0: stdout all=warning uptime,level,tags
#1: stderr all=off uptime,level,tags

Environment Variables:
PATH=D:/Xilinx/Vivado/2018.3/bin;D:/Xilinx/Vivado/2018.3/lib/win64.o;D:/Xilinx/Vivado/2018.3/tps/win64/jre9.0.4/bin/server;D:/Xilinx/Vivado/2018.3/tps/win64/jre9.0.4/bin;D:/Xilinx/Vivado/2018.3/ids_lite/ISE/bin/nt64;D:/Xilinx/Vivado/2018.3/ids_lite/ISE/lib/nt64;C:\Program Files (x86)\VanDyke Software\Clients\;C:\WINDOWS\system32;C:\WINDOWS;C:\WINDOWS\System32\Wbem;C:\WINDOWS\System32\WindowsPowerShell\v1.0\;C:\WINDOWS\System32\OpenSSH\;d:\Program Files\MATLAB\R2018a\runtime\win64;d:\Program Files\MATLAB\R2018a\bin;d:\Program Files\Git\cmd;C:\Program Files\dotnet\;D:\OPENCV_3.1\opencv\build\x64\vc14\bin;D:\Users\Scottar\AppData\Local\Programs\Python\Python37;D:\Program Files\mysql-8.0.20-winx64\mysql-8.0.20-winx64\bin;%USERPROFILE%\AppData\Local\Microsoft\WindowsApps;%PyCharm%;D:\Program Files\Bandizip\;C:\Users\Scottar\AppData\Local\Programs\Microsoft VS Code\bin;d:\modeltech64_10.1c\win64;D:/Xilinx/Vivado/2018.3\tps\mingw\6.2.0\win64.o\nt\bin;D:/Xilinx/Vivado/2018.3\tps\mingw\6.2.0\win64.o\nt\libexec\gcc\x86_64-w64-mingw32\6.2.0
USERNAME=Scottar
OS=Windows_NT
PROCESSOR_IDENTIFIER=Intel64 Family 6 Model 142 Stepping 9, GenuineIntel



---------------  S Y S T E M  ---------------

OS: Windows 10 , 64 bit Build 18362 (10.0.18362.1110)

CPU:total 4 (initial active 4) (2 cores per cpu, 2 threads per core) family 6 model 142 stepping 9, cmov, cx8, fxsr, mmx, sse, sse2, sse3, ssse3, sse4.1, sse4.2, popcnt, avx, avx2, aes, clmul, erms, 3dnowpref, lzcnt, ht, tsc, tscinvbit, bmi1, bmi2, adx, fma

Memory: 4k page, physical 12460576k(5325884k free), swap 21373472k(10110524k free)

vm_info: Java HotSpot(TM) 64-Bit Server VM (9.0.4+11) for windows-amd64 JRE (9.0.4+11), built on Dec 20 2017 02:18:54 by "mach5one" with MS VC++ 12.0 (VS2013)

END.
