#-----------------------------------------------------------
# Vivado v2018.3 (64-bit)
# SW Build 2405991 on Thu Dec  6 23:38:27 MST 2018
# IP Build 2404404 on Fri Dec  7 01:43:56 MST 2018
# Start of session at: Wed Dec  2 19:28:42 2020
# Process ID: 19248
# Current directory: C:/Users/Scottar/Desktop/slave_relateive/fgg256_plus_ethernet
# Command line: vivado.exe -gui_launcher_event rodinguilauncherevent23472 C:\Users\Scottar\Desktop\slave_relateive\fgg256_plus_ethernet\hi_time_sample_board.xpr
# Log file: C:/Users/Scottar/Desktop/slave_relateive/fgg256_plus_ethernet/vivado.log
# Journal file: C:/Users/Scottar/Desktop/slave_relateive/fgg256_plus_ethernet\vivado.jou
#-----------------------------------------------------------
start_gui
open_project C:/Users/Scottar/Desktop/slave_relateive/fgg256_plus_ethernet/hi_time_sample_board.xpr
CRITICAL WARNING: [Project 1-19] Could not find the file 'C:/Users/Scottar/Desktop/slave_relateive/Try_ltc9200_ila_basedon_exampleHS/name.tcl'.
Scanning sources...
Finished scanning sources
INFO: [IP_Flow 19-234] Refreshing IP repositories
INFO: [IP_Flow 19-1704] No user IP repositories specified
INFO: [IP_Flow 19-2313] Loaded Vivado IP repository 'D:/Xilinx/Vivado/2018.3/data/ip'.
open_project: Time (s): cpu = 00:00:31 ; elapsed = 00:00:26 . Memory (MB): peak = 645.578 ; gain = 87.570
update_compile_order -fileset sources_1
open_hw
connect_hw_server
INFO: [Labtools 27-2285] Connecting to hw_server url TCP:localhost:3121
INFO: [Labtools 27-2222] Launching hw_server...
INFO: [Labtools 27-2221] Launch Output:

****** Xilinx hw_server v2018.3
  **** Build date : Dec  7 2018-00:40:27
    ** Copyright 1986-2018 Xilinx, Inc. All Rights Reserved.


connect_hw_server: Time (s): cpu = 00:00:01 ; elapsed = 00:00:06 . Memory (MB): peak = 810.266 ; gain = 0.000
open_hw_target
INFO: [Labtoolstcl 44-466] Opening hw_target localhost:3121/xilinx_tcf/Digilent/210512180081
open_hw_target: Time (s): cpu = 00:00:11 ; elapsed = 00:00:14 . Memory (MB): peak = 1676.566 ; gain = 866.301
set_property PROGRAM.FILE {C:/Users/Scottar/Desktop/slave_relateive/fgg256_plus_ethernet/hi_time_sample_board.runs/impl_1/ethernet_test.bit} [get_hw_devices xc7a35t_0]
set_property PROBES.FILE {C:/Users/Scottar/Desktop/slave_relateive/fgg256_plus_ethernet/hi_time_sample_board.runs/impl_1/ethernet_test.ltx} [get_hw_devices xc7a35t_0]
set_property FULL_PROBES.FILE {C:/Users/Scottar/Desktop/slave_relateive/fgg256_plus_ethernet/hi_time_sample_board.runs/impl_1/ethernet_test.ltx} [get_hw_devices xc7a35t_0]
current_hw_device [get_hw_devices xc7a35t_0]
refresh_hw_device [lindex [get_hw_devices xc7a35t_0] 0]
INFO: [Labtools 27-2302] Device xc7a35t (JTAG device index = 0) is programmed with a design that has 1 ILA core(s).
refresh_hw_device: Time (s): cpu = 00:00:12 ; elapsed = 00:00:09 . Memory (MB): peak = 1712.242 ; gain = 9.551
display_hw_ila_data [ get_hw_ila_data hw_ila_data_1 -of_objects [get_hw_ilas -of_objects [get_hw_devices xc7a35t_0] -filter {CELL_NAME=~"u_ila_0"}]]
run_hw_ila [get_hw_ilas -of_objects [get_hw_devices xc7a35t_0] -filter {CELL_NAME=~"u_ila_0"}]
INFO: [Labtools 27-1964] The ILA core 'hw_ila_1' trigger was armed at 2020-Dec-02 19:32:42
wait_on_hw_ila [get_hw_ilas -of_objects [get_hw_devices xc7a35t_0] -filter {CELL_NAME=~"u_ila_0"}]
display_hw_ila_data [upload_hw_ila_data [get_hw_ilas -of_objects [get_hw_devices xc7a35t_0] -filter {CELL_NAME=~"u_ila_0"}]]
INFO: [Labtools 27-1966] The ILA core 'hw_ila_1' triggered at 2020-Dec-02 19:32:42
INFO: [Labtools 27-3304] ILA Waveform data saved to file C:/Users/Scottar/Desktop/slave_relateive/fgg256_plus_ethernet/hi_time_sample_board.hw/backup/hw_ila_data_1.ila. Use Tcl command 'read_hw_ila_data' or Vivado File->Import->Import ILA Data menu item to import the previously saved data.
reset_run synth_1
launch_runs impl_1 -to_step write_bitstream -jobs 2
[Wed Dec  2 19:36:39 2020] Launched synth_1...
Run output will be captured here: C:/Users/Scottar/Desktop/slave_relateive/fgg256_plus_ethernet/hi_time_sample_board.runs/synth_1/runme.log
[Wed Dec  2 19:36:39 2020] Launched impl_1...
Run output will be captured here: C:/Users/Scottar/Desktop/slave_relateive/fgg256_plus_ethernet/hi_time_sample_board.runs/impl_1/runme.log
launch_runs: Time (s): cpu = 00:00:06 ; elapsed = 00:00:13 . Memory (MB): peak = 1771.621 ; gain = 6.031
ERROR: [Labtoolstcl 44-513] HW Target shutdown. Closing target: localhost:3121/xilinx_tcf/Digilent/210512180081
INFO: [Labtoolstcl 44-466] Opening hw_target localhost:3121/xilinx_tcf/Digilent/210512180081
INFO: [Labtools 27-1435] Device xc7a35t (JTAG device index = 0) is not programmed (DONE status = 0).
WARNING: [Labtoolstcl 44-129] No matching hw_ila_data was found.
set_property PROBES.FILE {C:/Users/Scottar/Desktop/slave_relateive/fgg256_plus_ethernet/hi_time_sample_board.runs/impl_1/ethernet_test.ltx} [get_hw_devices xc7a35t_0]
set_property FULL_PROBES.FILE {C:/Users/Scottar/Desktop/slave_relateive/fgg256_plus_ethernet/hi_time_sample_board.runs/impl_1/ethernet_test.ltx} [get_hw_devices xc7a35t_0]
set_property PROGRAM.FILE {C:/Users/Scottar/Desktop/slave_relateive/fgg256_plus_ethernet/hi_time_sample_board.runs/impl_1/ethernet_test.bit} [get_hw_devices xc7a35t_0]
program_hw_devices [get_hw_devices xc7a35t_0]
INFO: [Labtools 27-3164] End of startup status: HIGH
refresh_hw_device [lindex [get_hw_devices xc7a35t_0] 0]
INFO: [Common 17-41] Interrupt caught. Command should exit soon.
