#-----------------------------------------------------------
# Vivado v2018.3 (64-bit)
# SW Build 2405991 on Thu Dec  6 23:38:27 MST 2018
# IP Build 2404404 on Fri Dec  7 01:43:56 MST 2018
# Start of session at: Wed Dec  2 20:45:19 2020
# Process ID: 19668
# Current directory: C:/Users/Scottar/Desktop/slave_relateive/fgg256_plus_ethernet
# Command line: vivado.exe -gui_launcher_event rodinguilauncherevent23296 C:\Users\Scottar\Desktop\slave_relateive\fgg256_plus_ethernet\hi_time_sample_board.xpr
# Log file: C:/Users/Scottar/Desktop/slave_relateive/fgg256_plus_ethernet/vivado.log
# Journal file: C:/Users/Scottar/Desktop/slave_relateive/fgg256_plus_ethernet\vivado.jou
#-----------------------------------------------------------
start_gui
open_project C:/Users/Scottar/Desktop/slave_relateive/fgg256_plus_ethernet/hi_time_sample_board.xpr
CRITICAL WARNING: [Project 1-19] Could not find the file 'C:/Users/Scottar/Desktop/slave_relateive/Try_ltc9200_ila_basedon_exampleHS/name.tcl'.
Scanning sources...
Finished scanning sources
INFO: [IP_Flow 19-234] Refreshing IP repositories
INFO: [IP_Flow 19-1704] No user IP repositories specified
INFO: [IP_Flow 19-2313] Loaded Vivado IP repository 'D:/Xilinx/Vivado/2018.3/data/ip'.
open_project: Time (s): cpu = 00:00:20 ; elapsed = 00:00:18 . Memory (MB): peak = 666.723 ; gain = 110.523
update_compile_order -fileset sources_1
open_hw
connect_hw_server
